2023-05-26 20:01:08.475 [main] INFO  com.zyr.SpringBootApp-Starting SpringBootApp using Java 1.8.0_291 on DESKTOP-Q25UBE7 with PID 12660 (D:\Documents\Projects\SpringBootDemo\target\classes started by zyr in D:\Documents\Projects\SpringBootDemo)
2023-05-26 20:01:08.477 [main] INFO  com.zyr.SpringBootApp-No active profile set, falling back to 1 default profile: "default"
2023-05-26 20:01:09.316 [main] INFO  org.springframework.boot.web.embedded.tomcat.TomcatWebServer-Tomcat initialized with port(s): 8080 (http)
2023-05-26 20:01:09.323 [main] INFO  org.apache.coyote.http11.Http11NioProtocol-Initializing ProtocolHandler ["http-nio-8080"]
2023-05-26 20:01:09.324 [main] INFO  org.apache.catalina.core.StandardService-Starting service [Tomcat]
2023-05-26 20:01:09.324 [main] INFO  org.apache.catalina.core.StandardEngine-Starting Servlet engine: [Apache Tomcat/9.0.65]
2023-05-26 20:01:09.431 [main] INFO  org.apache.catalina.core.ContainerBase.[Tomcat].[localhost].[/]-Initializing Spring embedded WebApplicationContext
2023-05-26 20:01:09.432 [main] INFO  org.springframework.boot.web.servlet.context.ServletWebServerApplicationContext-Root WebApplicationContext: initialization completed in 914 ms
2023-05-26 20:01:09.719 [main] INFO  org.apache.coyote.http11.Http11NioProtocol-Starting ProtocolHandler ["http-nio-8080"]
2023-05-26 20:01:09.733 [main] INFO  org.springframework.boot.web.embedded.tomcat.TomcatWebServer-Tomcat started on port(s): 8080 (http) with context path ''
2023-05-26 20:01:09.742 [main] INFO  com.zyr.SpringBootApp-Started SpringBootApp in 1.703 seconds (JVM running for 2.301)
2023-05-26 20:01:50.690 [http-nio-8080-exec-4] INFO  org.apache.catalina.core.ContainerBase.[Tomcat].[localhost].[/]-Initializing Spring DispatcherServlet 'dispatcherServlet'
2023-05-26 20:01:50.690 [http-nio-8080-exec-4] INFO  org.springframework.web.servlet.DispatcherServlet-Initializing Servlet 'dispatcherServlet'
2023-05-26 20:01:50.692 [http-nio-8080-exec-4] INFO  org.springframework.web.servlet.DispatcherServlet-Completed initialization in 2 ms
2023-05-26 20:01:50.713 [http-nio-8080-exec-4] INFO  com.zyr.webapi.LogTest-testing
2023-05-26 20:03:12.473 [main] INFO  com.zyr.SpringBootApp - Starting SpringBootApp using Java 1.8.0_291 on DESKTOP-Q25UBE7 with PID 7452 (D:\Documents\Projects\SpringBootDemo\target\classes started by zyr in D:\Documents\Projects\SpringBootDemo)
2023-05-26 20:03:12.475 [main] INFO  com.zyr.SpringBootApp - No active profile set, falling back to 1 default profile: "default"
2023-05-26 20:03:13.217 [main] INFO  org.springframework.boot.web.embedded.tomcat.TomcatWebServer - Tomcat initialized with port(s): 8080 (http)
2023-05-26 20:03:13.224 [main] INFO  org.apache.coyote.http11.Http11NioProtocol - Initializing ProtocolHandler ["http-nio-8080"]
2023-05-26 20:03:13.224 [main] INFO  org.apache.catalina.core.StandardService - Starting service [Tomcat]
2023-05-26 20:03:13.224 [main] INFO  org.apache.catalina.core.StandardEngine - Starting Servlet engine: [Apache Tomcat/9.0.65]
2023-05-26 20:03:13.356 [main] INFO  org.apache.catalina.core.ContainerBase.[Tomcat].[localhost].[/] - Initializing Spring embedded WebApplicationContext
2023-05-26 20:03:13.356 [main] INFO  org.springframework.boot.web.servlet.context.ServletWebServerApplicationContext - Root WebApplicationContext: initialization completed in 844 ms
2023-05-26 20:03:13.630 [main] INFO  org.apache.coyote.http11.Http11NioProtocol - Starting ProtocolHandler ["http-nio-8080"]
2023-05-26 20:03:13.644 [main] INFO  org.springframework.boot.web.embedded.tomcat.TomcatWebServer - Tomcat started on port(s): 8080 (http) with context path ''
2023-05-26 20:03:13.652 [main] INFO  com.zyr.SpringBootApp - Started SpringBootApp in 1.608 seconds (JVM running for 2.226)
2023-05-26 20:04:11.737 [main] INFO  com.zyr.SpringBootApp - Starting SpringBootApp using Java 1.8.0_291 on DESKTOP-Q25UBE7 with PID 13156 (D:\Documents\Projects\SpringBootDemo\target\classes started by zyr in D:\Documents\Projects\SpringBootDemo)
2023-05-26 20:04:11.740 [main] INFO  com.zyr.SpringBootApp - No active profile set, falling back to 1 default profile: "default"
2023-05-26 20:04:12.508 [main] INFO  org.springframework.boot.web.embedded.tomcat.TomcatWebServer - Tomcat initialized with port(s): 8080 (http)
2023-05-26 20:04:12.515 [main] INFO  org.apache.coyote.http11.Http11NioProtocol - Initializing ProtocolHandler ["http-nio-8080"]
2023-05-26 20:04:12.516 [main] INFO  org.apache.catalina.core.StandardService - Starting service [Tomcat]
2023-05-26 20:04:12.516 [main] INFO  org.apache.catalina.core.StandardEngine - Starting Servlet engine: [Apache Tomcat/9.0.65]
2023-05-26 20:04:12.626 [main] INFO  org.apache.catalina.core.ContainerBase.[Tomcat].[localhost].[/] - Initializing Spring embedded WebApplicationContext
2023-05-26 20:04:12.626 [main] INFO  org.springframework.boot.web.servlet.context.ServletWebServerApplicationContext - Root WebApplicationContext: initialization completed in 850 ms
2023-05-26 20:04:12.917 [main] INFO  org.apache.coyote.http11.Http11NioProtocol - Starting ProtocolHandler ["http-nio-8080"]
2023-05-26 20:04:12.940 [main] INFO  org.springframework.boot.web.embedded.tomcat.TomcatWebServer - Tomcat started on port(s): 8080 (http) with context path ''
2023-05-26 20:04:12.948 [main] INFO  com.zyr.SpringBootApp - Started SpringBootApp in 1.712 seconds (JVM running for 2.292)
2023-05-26 20:06:14.807 [main] INFO  com.zyr.SpringBootApp - Starting SpringBootApp using Java 1.8.0_291 on DESKTOP-Q25UBE7 with PID 17700 (D:\Documents\Projects\SpringBootDemo\target\classes started by zyr in D:\Documents\Projects\SpringBootDemo)
2023-05-26 20:06:14.810 [main] INFO  com.zyr.SpringBootApp - No active profile set, falling back to 1 default profile: "default"
2023-05-26 20:06:15.589 [main] INFO  org.springframework.boot.web.embedded.tomcat.TomcatWebServer - Tomcat initialized with port(s): 8080 (http)
2023-05-26 20:06:15.595 [main] INFO  org.apache.coyote.http11.Http11NioProtocol - Initializing ProtocolHandler ["http-nio-8080"]
2023-05-26 20:06:15.596 [main] INFO  org.apache.catalina.core.StandardService - Starting service [Tomcat]
2023-05-26 20:06:15.596 [main] INFO  org.apache.catalina.core.StandardEngine - Starting Servlet engine: [Apache Tomcat/9.0.65]
2023-05-26 20:06:15.713 [main] INFO  org.apache.catalina.core.ContainerBase.[Tomcat].[localhost].[/] - Initializing Spring embedded WebApplicationContext
2023-05-26 20:06:15.713 [main] INFO  org.springframework.boot.web.servlet.context.ServletWebServerApplicationContext - Root WebApplicationContext: initialization completed in 857 ms
2023-05-26 20:06:16.016 [main] INFO  org.apache.coyote.http11.Http11NioProtocol - Starting ProtocolHandler ["http-nio-8080"]
2023-05-26 20:06:16.034 [main] INFO  org.springframework.boot.web.embedded.tomcat.TomcatWebServer - Tomcat started on port(s): 8080 (http) with context path ''
2023-05-26 20:06:16.043 [main] INFO  com.zyr.SpringBootApp - Started SpringBootApp in 1.706 seconds (JVM running for 2.339)
2023-05-26 20:08:32.362 [main] INFO  com.zyr.SpringBootApp - Starting SpringBootApp using Java 1.8.0_291 on DESKTOP-Q25UBE7 with PID 4244 (D:\Documents\Projects\SpringBootDemo\target\classes started by zyr in D:\Documents\Projects\SpringBootDemo)
2023-05-26 20:08:32.365 [main] INFO  com.zyr.SpringBootApp - No active profile set, falling back to 1 default profile: "default"
2023-05-26 20:08:33.078 [main] INFO  org.springframework.boot.web.embedded.tomcat.TomcatWebServer - Tomcat initialized with port(s): 8080 (http)
2023-05-26 20:08:33.084 [main] INFO  org.apache.coyote.http11.Http11NioProtocol - Initializing ProtocolHandler ["http-nio-8080"]
2023-05-26 20:08:33.085 [main] INFO  org.apache.catalina.core.StandardService - Starting service [Tomcat]
2023-05-26 20:08:33.085 [main] INFO  org.apache.catalina.core.StandardEngine - Starting Servlet engine: [Apache Tomcat/9.0.65]
2023-05-26 20:08:33.188 [main] INFO  org.apache.catalina.core.ContainerBase.[Tomcat].[localhost].[/] - Initializing Spring embedded WebApplicationContext
2023-05-26 20:08:33.188 [main] INFO  org.springframework.boot.web.servlet.context.ServletWebServerApplicationContext - Root WebApplicationContext: initialization completed in 787 ms
2023-05-26 20:08:33.462 [main] INFO  org.apache.coyote.http11.Http11NioProtocol - Starting ProtocolHandler ["http-nio-8080"]
2023-05-26 20:08:33.476 [main] INFO  org.springframework.boot.web.embedded.tomcat.TomcatWebServer - Tomcat started on port(s): 8080 (http) with context path ''
2023-05-26 20:08:33.483 [main] INFO  com.zyr.SpringBootApp - Started SpringBootApp in 1.649 seconds (JVM running for 2.206)
2023-05-26 20:09:40.473 [main] INFO  com.zyr.SpringBootApp - Starting SpringBootApp using Java 1.8.0_291 on DESKTOP-Q25UBE7 with PID 22500 (D:\Documents\Projects\SpringBootDemo\target\classes started by zyr in D:\Documents\Projects\SpringBootDemo)
2023-05-26 20:09:40.477 [main] INFO  com.zyr.SpringBootApp - No active profile set, falling back to 1 default profile: "default"
2023-05-26 20:09:41.298 [main] INFO  org.springframework.boot.web.embedded.tomcat.TomcatWebServer - Tomcat initialized with port(s): 8080 (http)
2023-05-26 20:09:41.304 [main] INFO  org.apache.coyote.http11.Http11NioProtocol - Initializing ProtocolHandler ["http-nio-8080"]
2023-05-26 20:09:41.305 [main] INFO  org.apache.catalina.core.StandardService - Starting service [Tomcat]
2023-05-26 20:09:41.305 [main] INFO  org.apache.catalina.core.StandardEngine - Starting Servlet engine: [Apache Tomcat/9.0.65]
2023-05-26 20:09:41.410 [main] INFO  org.apache.catalina.core.ContainerBase.[Tomcat].[localhost].[/] - Initializing Spring embedded WebApplicationContext
2023-05-26 20:09:41.410 [main] INFO  org.springframework.boot.web.servlet.context.ServletWebServerApplicationContext - Root WebApplicationContext: initialization completed in 896 ms
2023-05-26 20:09:41.695 [main] INFO  org.apache.coyote.http11.Http11NioProtocol - Starting ProtocolHandler ["http-nio-8080"]
2023-05-26 20:09:41.709 [main] INFO  org.springframework.boot.web.embedded.tomcat.TomcatWebServer - Tomcat started on port(s): 8080 (http) with context path ''
2023-05-26 20:09:41.717 [main] INFO  com.zyr.SpringBootApp - Started SpringBootApp in 1.685 seconds (JVM running for 2.26)
2023-05-26 20:09:56.813 [http-nio-8080-exec-1] INFO  org.apache.catalina.core.ContainerBase.[Tomcat].[localhost].[/] - Initializing Spring DispatcherServlet 'dispatcherServlet'
2023-05-26 20:09:56.813 [http-nio-8080-exec-1] INFO  org.springframework.web.servlet.DispatcherServlet - Initializing Servlet 'dispatcherServlet'
2023-05-26 20:09:56.814 [http-nio-8080-exec-1] INFO  org.springframework.web.servlet.DispatcherServlet - Completed initialization in 1 ms
2023-05-26 20:09:56.835 [http-nio-8080-exec-1] INFO  com.zyr.webapi.LogTest - testing
2023-05-26 20:14:13.934 [main] INFO  com.zyr.SpringBootApp - Starting SpringBootApp using Java 1.8.0_291 on DESKTOP-Q25UBE7 with PID 19176 (D:\Documents\Projects\SpringBootDemo\target\classes started by zyr in D:\Documents\Projects\SpringBootDemo)
2023-05-26 20:14:13.937 [main] INFO  com.zyr.SpringBootApp - No active profile set, falling back to 1 default profile: "default"
2023-05-26 20:14:14.688 [main] INFO  org.springframework.boot.web.embedded.tomcat.TomcatWebServer - Tomcat initialized with port(s): 8080 (http)
2023-05-26 20:14:14.697 [main] INFO  org.apache.coyote.http11.Http11NioProtocol - Initializing ProtocolHandler ["http-nio-8080"]
2023-05-26 20:14:14.697 [main] INFO  org.apache.catalina.core.StandardService - Starting service [Tomcat]
2023-05-26 20:14:14.698 [main] INFO  org.apache.catalina.core.StandardEngine - Starting Servlet engine: [Apache Tomcat/9.0.65]
2023-05-26 20:14:14.818 [main] INFO  org.apache.catalina.core.ContainerBase.[Tomcat].[localhost].[/] - Initializing Spring embedded WebApplicationContext
2023-05-26 20:14:14.819 [main] INFO  org.springframework.boot.web.servlet.context.ServletWebServerApplicationContext - Root WebApplicationContext: initialization completed in 842 ms
2023-05-26 20:14:15.180 [main] INFO  org.apache.coyote.http11.Http11NioProtocol - Starting ProtocolHandler ["http-nio-8080"]
2023-05-26 20:14:15.197 [main] INFO  org.springframework.boot.web.embedded.tomcat.TomcatWebServer - Tomcat started on port(s): 8080 (http) with context path ''
2023-05-26 20:14:15.205 [main] INFO  com.zyr.SpringBootApp - Started SpringBootApp in 1.731 seconds (JVM running for 2.302)
2023-05-26 20:14:22.789 [http-nio-8080-exec-2] INFO  org.apache.catalina.core.ContainerBase.[Tomcat].[localhost].[/] - Initializing Spring DispatcherServlet 'dispatcherServlet'
2023-05-26 20:14:22.789 [http-nio-8080-exec-2] INFO  org.springframework.web.servlet.DispatcherServlet - Initializing Servlet 'dispatcherServlet'
2023-05-26 20:14:22.790 [http-nio-8080-exec-2] INFO  org.springframework.web.servlet.DispatcherServlet - Completed initialization in 1 ms
2023-05-26 20:14:22.813 [http-nio-8080-exec-2] INFO  com.zyr.webapi.LogTest - testing
2023-05-26 20:15:18.883 [main] INFO  com.zyr.SpringBootApp - Starting SpringBootApp using Java 1.8.0_291 on DESKTOP-Q25UBE7 with PID 14712 (D:\Documents\Projects\SpringBootDemo\target\classes started by zyr in D:\Documents\Projects\SpringBootDemo)
2023-05-26 20:15:18.887 [main] INFO  com.zyr.SpringBootApp - No active profile set, falling back to 1 default profile: "default"
2023-05-26 20:15:19.668 [main] INFO  org.springframework.boot.web.embedded.tomcat.TomcatWebServer - Tomcat initialized with port(s): 8080 (http)
2023-05-26 20:15:19.676 [main] INFO  org.apache.coyote.http11.Http11NioProtocol - Initializing ProtocolHandler ["http-nio-8080"]
2023-05-26 20:15:19.677 [main] INFO  org.apache.catalina.core.StandardService - Starting service [Tomcat]
2023-05-26 20:15:19.677 [main] INFO  org.apache.catalina.core.StandardEngine - Starting Servlet engine: [Apache Tomcat/9.0.65]
2023-05-26 20:15:19.794 [main] INFO  org.apache.catalina.core.ContainerBase.[Tomcat].[localhost].[/] - Initializing Spring embedded WebApplicationContext
2023-05-26 20:15:19.794 [main] INFO  org.springframework.boot.web.servlet.context.ServletWebServerApplicationContext - Root WebApplicationContext: initialization completed in 869 ms
2023-05-26 20:15:20.087 [main] INFO  org.apache.coyote.http11.Http11NioProtocol - Starting ProtocolHandler ["http-nio-8080"]
2023-05-26 20:15:20.106 [main] INFO  org.springframework.boot.web.embedded.tomcat.TomcatWebServer - Tomcat started on port(s): 8080 (http) with context path ''
2023-05-26 20:15:20.121 [main] INFO  com.zyr.SpringBootApp - Started SpringBootApp in 1.694 seconds (JVM running for 2.453)
2023-05-26 20:15:22.481 [http-nio-8080-exec-1] INFO  org.apache.catalina.core.ContainerBase.[Tomcat].[localhost].[/] - Initializing Spring DispatcherServlet 'dispatcherServlet'
2023-05-26 20:15:22.481 [http-nio-8080-exec-1] INFO  org.springframework.web.servlet.DispatcherServlet - Initializing Servlet 'dispatcherServlet'
2023-05-26 20:15:22.482 [http-nio-8080-exec-1] INFO  org.springframework.web.servlet.DispatcherServlet - Completed initialization in 1 ms
2023-05-26 20:15:22.504 [http-nio-8080-exec-1] INFO  com.zyr.webapi.LogTest - testing
